<?xml version="1.0" encoding="UTF-8" standalone="no"?>
<window xmlns="http://schemas.haulmont.com/cuba/window.xsd"
        caption="msg://browseCaption"
        class="com.company.scenarioaddon.web.testentity.TestEntityBrowse"
        focusComponent="testEntitiesTable"
        lookupComponent="testEntitiesTable"
        messagesPack="com.company.scenarioaddon.web.testentity">
    <dsContext>
        <groupDatasource id="testEntitiesDs"
                         class="com.company.scenarioaddon.entity.TestEntity"
                         view="_local">
            <query>
                <![CDATA[select e from scenarioaddon$TestEntity e]]>
            </query>
        </groupDatasource>
    </dsContext>
    <dialogMode height="600"
                width="800"/>
    <layout expand="testEntitiesTable"
            spacing="true">
        <filter id="filter"
                applyTo="testEntitiesTable"
                datasource="testEntitiesDs">
            <properties include=".*"/>
        </filter>
        <groupTable id="testEntitiesTable"
                    width="100%">
            <actions>
                <action id="create"/>
                <action id="edit"/>
                <action id="remove"/>
            </actions>
            <columns>
                <column id="name"/>
            </columns>
            <rows datasource="testEntitiesDs"/>
            <rowsCount/>
            <buttonsPanel id="buttonsPanel"
                          alwaysVisible="true">
                <button id="createBtn"
                        action="testEntitiesTable.create"/>
                <button id="editBtn"
                        action="testEntitiesTable.edit"/>
                <button id="removeBtn"
                        action="testEntitiesTable.remove"/>
            </buttonsPanel>
        </groupTable>
    </layout>
</window>
