<?xml version="1.0" encoding="UTF-8" standalone="no"?>
<window xmlns="http://schemas.haulmont.com/cuba/window.xsd"
        caption="msg://editorCaption"
        class="com.company.scenarioaddon.web.testentity.TestEntityEdit"
        datasource="testEntityDs"
        focusComponent="fieldGroup"
        messagesPack="com.company.scenarioaddon.web.testentity">
    <dsContext>
        <datasource id="testEntityDs"
                    class="com.company.scenarioaddon.entity.TestEntity"
                    view="_local"/>
    </dsContext>
    <dialogMode height="600"
                width="800"/>
    <layout expand="windowActions"
            spacing="true">
        <fieldGroup id="fieldGroup"
                    datasource="testEntityDs">
            <column width="250px">
                <field property="name"/>
            </column>
        </fieldGroup>
        <frame id="windowActions"
               screen="editWindowActions"/>
    </layout>
</window>
